# JRE version: Java(TM) SE Runtime Environment (8.0_201-b09) (build 1.8.0_201-b09)
# Java VM: Java HotSpot(TM) 64-Bit Server VM (25.201-b09 mixed mode windows-amd64 compressed oops)
Heap:
 PSYoungGen      total 202240K, used 125551K [0x000000076af00000, 0x0000000778780000, 0x00000007c0000000)
  eden space 191488K, 65% used [0x000000076af00000,0x000000077299be38,0x0000000776a00000)
  from space 10752K, 0% used [0x0000000777d00000,0x0000000777d00000,0x0000000778780000)
  to   space 10752K, 0% used [0x0000000777280000,0x0000000777280000,0x0000000777d00000)
 ParOldGen       total 153088K, used 16883K [0x00000006c0c00000, 0x00000006ca180000, 0x000000076af00000)
  object space 153088K, 11% used [0x00000006c0c00000,0x00000006c1c7ce60,0x00000006ca180000)
 Metaspace       used 38645K, capacity 41095K, committed 41216K, reserved 1089536K
  class space    used 5090K, capacity 5543K, committed 5632K, reserved 1048576K
GC Heap History (10 events):
Event: 1.048 GC heap before
{Heap before GC invocations=2 (full 0):
 PSYoungGen      total 76288K, used 70962K [0x000000076af00000, 0x0000000774400000, 0x00000007c0000000)
  eden space 65536K, 96% used [0x000000076af00000,0x000000076ecdef20,0x000000076ef00000)
  from space 10752K, 70% used [0x000000076ef00000,0x000000076f66d960,0x000000076f980000)
  to   space 10752K, 0% used [0x0000000773980000,0x0000000773980000,0x0000000774400000)
 ParOldGen       total 175104K, used 16K [0x00000006c0c00000, 0x00000006cb700000, 0x000000076af00000)
  object space 175104K, 0% used [0x00000006c0c00000,0x00000006c0c04000,0x00000006cb700000)
 Metaspace       used 20490K, capacity 21241K, committed 21296K, reserved 1067008K
  class space    used 2758K, capacity 2944K, committed 2944K, reserved 1048576K
Event: 1.058 GC heap after
Heap after GC invocations=2 (full 0):
 PSYoungGen      total 141824K, used 10721K [0x000000076af00000, 0x0000000774400000, 0x00000007c0000000)
  eden space 131072K, 0% used [0x000000076af00000,0x000000076af00000,0x0000000772f00000)
  from space 10752K, 99% used [0x0000000773980000,0x00000007743f8560,0x0000000774400000)
  to   space 10752K, 0% used [0x0000000772f00000,0x0000000772f00000,0x0000000773980000)
 ParOldGen       total 175104K, used 331K [0x00000006c0c00000, 0x00000006cb700000, 0x000000076af00000)
  object space 175104K, 0% used [0x00000006c0c00000,0x00000006c0c52da8,0x00000006cb700000)
 Metaspace       used 20490K, capacity 21241K, committed 21296K, reserved 1067008K
  class space    used 2758K, capacity 2944K, committed 2944K, reserved 1048576K
}
Event: 1.058 GC heap before
{Heap before GC invocations=3 (full 1):
 PSYoungGen      total 141824K, used 10721K [0x000000076af00000, 0x0000000774400000, 0x00000007c0000000)
  eden space 131072K, 0% used [0x000000076af00000,0x000000076af00000,0x0000000772f00000)
  from space 10752K, 99% used [0x0000000773980000,0x00000007743f8560,0x0000000774400000)
  to   space 10752K, 0% used [0x0000000772f00000,0x0000000772f00000,0x0000000773980000)
 ParOldGen       total 175104K, used 331K [0x00000006c0c00000, 0x00000006cb700000, 0x000000076af00000)
  object space 175104K, 0% used [0x00000006c0c00000,0x00000006c0c52da8,0x00000006cb700000)
 Metaspace       used 20490K, capacity 21241K, committed 21296K, reserved 1067008K
  class space    used 2758K, capacity 2944K, committed 2944K, reserved 1048576K
Event: 1.078 GC heap after
Heap after GC invocations=3 (full 1):
 PSYoungGen      total 141824K, used 0K [0x000000076af00000, 0x0000000774400000, 0x00000007c0000000)
  eden space 131072K, 0% used [0x000000076af00000,0x000000076af00000,0x0000000772f00000)
  from space 10752K, 0% used [0x0000000773980000,0x0000000773980000,0x0000000774400000)
  to   space 10752K, 0% used [0x0000000772f00000,0x0000000772f00000,0x0000000773980000)
 ParOldGen       total 104960K, used 10598K [0x00000006c0c00000, 0x00000006c7280000, 0x000000076af00000)
  object space 104960K, 10% used [0x00000006c0c00000,0x00000006c1659970,0x00000006c7280000)
 Metaspace       used 20488K, capacity 21235K, committed 21296K, reserved 1067008K
  class space    used 2757K, capacity 2943K, committed 2944K, reserved 1048576K
}
Event: 1.852 GC heap before
{Heap before GC invocations=4 (full 1):
 PSYoungGen      total 141824K, used 131072K [0x000000076af00000, 0x0000000774400000, 0x00000007c0000000)
  eden space 131072K, 100% used [0x000000076af00000,0x0000000772f00000,0x0000000772f00000)
  from space 10752K, 0% used [0x0000000773980000,0x0000000773980000,0x0000000774400000)
  to   space 10752K, 0% used [0x0000000772f00000,0x0000000772f00000,0x0000000773980000)
 ParOldGen       total 104960K, used 10598K [0x00000006c0c00000, 0x00000006c7280000, 0x000000076af00000)
  object space 104960K, 10% used [0x00000006c0c00000,0x00000006c1659970,0x00000006c7280000)
 Metaspace       used 29118K, capacity 30625K, committed 30720K, reserved 1075200K
  class space    used 3968K, capacity 4275K, committed 4352K, reserved 1048576K
Event: 1.861 GC heap after
Heap after GC invocations=4 (full 1):
 PSYoungGen      total 141824K, used 10738K [0x000000076af00000, 0x0000000778780000, 0x00000007c0000000)
  eden space 131072K, 0% used [0x000000076af00000,0x000000076af00000,0x0000000772f00000)
  from space 10752K, 99% used [0x0000000772f00000,0x000000077397c8d8,0x0000000773980000)
  to   space 10752K, 0% used [0x0000000777d00000,0x0000000777d00000,0x0000000778780000)
 ParOldGen       total 104960K, used 13806K [0x00000006c0c00000, 0x00000006c7280000, 0x000000076af00000)
  object space 104960K, 13% used [0x00000006c0c00000,0x00000006c197ba18,0x00000006c7280000)
 Metaspace       used 29118K, capacity 30625K, committed 30720K, reserved 1075200K
  class space    used 3968K, capacity 4275K, committed 4352K, reserved 1048576K
}
Event: 7.135 GC heap before
{Heap before GC invocations=5 (full 1):
 PSYoungGen      total 141824K, used 74232K [0x000000076af00000, 0x0000000778780000, 0x00000007c0000000)
  eden space 131072K, 48% used [0x000000076af00000,0x000000076ed01978,0x0000000772f00000)
  from space 10752K, 99% used [0x0000000772f00000,0x000000077397c8d8,0x0000000773980000)
  to   space 10752K, 0% used [0x0000000777d00000,0x0000000777d00000,0x0000000778780000)
 ParOldGen       total 104960K, used 13806K [0x00000006c0c00000, 0x00000006c7280000, 0x000000076af00000)
  object space 104960K, 13% used [0x00000006c0c00000,0x00000006c197ba18,0x00000006c7280000)
 Metaspace       used 33382K, capacity 35299K, committed 35456K, reserved 1079296K
  class space    used 4510K, capacity 4891K, committed 4992K, reserved 1048576K
Event: 7.141 GC heap after
Heap after GC invocations=5 (full 1):
 PSYoungGen      total 202240K, used 10746K [0x000000076af00000, 0x0000000778780000, 0x00000007c0000000)
  eden space 191488K, 0% used [0x000000076af00000,0x000000076af00000,0x0000000776a00000)
  from space 10752K, 99% used [0x0000000777d00000,0x000000077877eaa8,0x0000000778780000)
  to   space 10752K, 0% used [0x0000000777280000,0x0000000777280000,0x0000000777d00000)
 ParOldGen       total 104960K, used 14638K [0x00000006c0c00000, 0x00000006c7280000, 0x000000076af00000)
  object space 104960K, 13% used [0x00000006c0c00000,0x00000006c1a4bbe0,0x00000006c7280000)
 Metaspace       used 33382K, capacity 35299K, committed 35456K, reserved 1079296K
  class space    used 4510K, capacity 4891K, committed 4992K, reserved 1048576K
}
Event: 7.141 GC heap before
{Heap before GC invocations=6 (full 2):
 PSYoungGen      total 202240K, used 10746K [0x000000076af00000, 0x0000000778780000, 0x00000007c0000000)
  eden space 191488K, 0% used [0x000000076af00000,0x000000076af00000,0x0000000776a00000)
  from space 10752K, 99% used [0x0000000777d00000,0x000000077877eaa8,0x0000000778780000)
  to   space 10752K, 0% used [0x0000000777280000,0x0000000777280000,0x0000000777d00000)
 ParOldGen       total 104960K, used 14638K [0x00000006c0c00000, 0x00000006c7280000, 0x000000076af00000)
  object space 104960K, 13% used [0x00000006c0c00000,0x00000006c1a4bbe0,0x00000006c7280000)
 Metaspace       used 33382K, capacity 35299K, committed 35456K, reserved 1079296K
  class space    used 4510K, capacity 4891K, committed 4992K, reserved 1048576K
Event: 7.167 GC heap after
Heap after GC invocations=6 (full 2):
 PSYoungGen      total 202240K, used 0K [0x000000076af00000, 0x0000000778780000, 0x00000007c0000000)
  eden space 191488K, 0% used [0x000000076af00000,0x000000076af00000,0x0000000776a00000)
  from space 10752K, 0% used [0x0000000777d00000,0x0000000777d00000,0x0000000778780000)
  to   space 10752K, 0% used [0x0000000777280000,0x0000000777280000,0x0000000777d00000)
 ParOldGen       total 153088K, used 16883K [0x00000006c0c00000, 0x00000006ca180000, 0x000000076af00000)
  object space 153088K, 11% used [0x00000006c0c00000,0x00000006c1c7ce60,0x00000006ca180000)
 Metaspace       used 33382K, capacity 35299K, committed 35456K, reserved 1079296K
  class space    used 4510K, capacity 4891K, committed 4992K, reserved 1048576K
}

